2026-05-03 00:07:13 - INFO - Length of data loader: 2250
2026-05-03 00:09:43 - INFO - Train loss: 0.15374219417572021 at step: 400 lr 0.0002
2026-05-03 00:11:51 - INFO - Train loss: 0.21046827733516693 at step: 800 lr 0.0002
2026-05-03 00:13:52 - INFO - Train loss: 0.07676945626735687 at step: 1200 lr 0.0002
2026-05-03 00:15:56 - INFO - Train loss: 0.07732828706502914 at step: 1600 lr 0.0002
2026-05-03 00:18:07 - INFO - Train loss: 0.1533583402633667 at step: 2000 lr 0.0002
2026-05-03 00:21:17 - INFO - (Val @ epoch 0) acc: 0.923625; ap: 0.9968668546418893 r_acc: 0.85175; f_acc: 0.9955
2026-05-03 00:22:25 - INFO - Train loss: 0.034785155206918716 at step: 2400 lr 0.0002
2026-05-03 00:24:07 - INFO - Train loss: 0.005707802250981331 at step: 2800 lr 0.0002
2026-05-03 00:25:49 - INFO - Train loss: 0.005490556359291077 at step: 3200 lr 0.0002
2026-05-03 00:27:33 - INFO - Train loss: 0.0055713895708322525 at step: 3600 lr 0.0002
2026-05-03 00:29:16 - INFO - Train loss: 0.014236915856599808 at step: 4000 lr 0.0002
2026-05-03 00:31:00 - INFO - Train loss: 0.004755386617034674 at step: 4400 lr 0.0002
2026-05-03 00:33:03 - INFO - (Val @ epoch 1) acc: 0.993; ap: 0.9998366310903838 r_acc: 0.99525; f_acc: 0.99075
2026-05-03 00:34:53 - INFO - Train loss: 0.015334445983171463 at step: 4800 lr 0.0002
2026-05-03 00:36:35 - INFO - Train loss: 0.033147960901260376 at step: 5200 lr 0.0002
2026-05-03 00:38:20 - INFO - Train loss: 0.007580834440886974 at step: 5600 lr 0.0002
2026-05-03 00:40:06 - INFO - Train loss: 0.010762190446257591 at step: 6000 lr 0.0002
2026-05-03 00:41:52 - INFO - Train loss: 0.02072136290371418 at step: 6400 lr 0.0002
2026-05-03 00:44:56 - INFO - (Val @ epoch 2) acc: 0.99775; ap: 0.9999836585849644 r_acc: 0.9975; f_acc: 0.998
2026-05-03 00:45:39 - INFO - Train loss: 0.003668811870738864 at step: 6800 lr 0.0002
2026-05-03 00:47:21 - INFO - Train loss: 0.006536650005728006 at step: 7200 lr 0.0002
2026-05-03 00:49:01 - INFO - Train loss: 0.17211338877677917 at step: 7600 lr 0.0002
2026-05-03 00:50:42 - INFO - Train loss: 0.003912265412509441 at step: 8000 lr 0.0002
2026-05-03 00:52:24 - INFO - Train loss: 0.00664565060287714 at step: 8400 lr 0.0002
2026-05-03 00:54:06 - INFO - Train loss: 0.009277479723095894 at step: 8800 lr 0.0002
2026-05-03 00:56:34 - INFO - (Val @ epoch 3) acc: 0.99475; ap: 0.9999609450928691 r_acc: 0.99; f_acc: 0.9995
2026-05-03 00:57:51 - INFO - Train loss: 0.004154714290052652 at step: 9200 lr 0.0002
2026-05-03 00:59:30 - INFO - Train loss: 0.000769084261264652 at step: 9600 lr 0.0002
2026-05-03 01:01:09 - INFO - Train loss: 0.0031844070181250572 at step: 10000 lr 0.0002
2026-05-03 01:02:47 - INFO - Train loss: 0.010025393217802048 at step: 10400 lr 0.0002
2026-05-03 01:04:27 - INFO - Train loss: 0.004025478381663561 at step: 10800 lr 0.0002
2026-05-03 01:06:07 - INFO - Train loss: 0.0008503518183715641 at step: 11200 lr 0.0002
2026-05-03 01:07:53 - INFO - (Val @ epoch 4) acc: 0.999375; ap: 0.9999991276320708 r_acc: 0.999; f_acc: 0.99975
2026-05-03 01:09:51 - INFO - Train loss: 0.0026070072781294584 at step: 11600 lr 0.0002
2026-05-03 01:11:34 - INFO - Train loss: 0.0002875873469747603 at step: 12000 lr 0.0002
2026-05-03 01:13:15 - INFO - Train loss: 0.01360518578439951 at step: 12400 lr 0.0002
2026-05-03 01:14:59 - INFO - Train loss: 0.002749542472884059 at step: 12800 lr 0.0002
2026-05-03 01:16:42 - INFO - Train loss: 0.0005218085716478527 at step: 13200 lr 0.0002
2026-05-03 01:19:32 - INFO - (Val @ epoch 5) acc: 0.99875; ap: 0.999719231244979 r_acc: 0.99825; f_acc: 0.99925
2026-05-03 01:20:25 - INFO - Train loss: 2.6835080007003853e-06 at step: 13600 lr 0.0002
2026-05-03 01:22:03 - INFO - Train loss: 0.0018891243962571025 at step: 14000 lr 0.0002
2026-05-03 01:23:43 - INFO - Train loss: 0.0032811472192406654 at step: 14400 lr 0.0002
2026-05-03 01:25:22 - INFO - Train loss: 0.0003108760283794254 at step: 14800 lr 0.0002
2026-05-03 01:27:02 - INFO - Train loss: 0.10948207229375839 at step: 15200 lr 0.0002
2026-05-03 01:28:42 - INFO - Train loss: 0.00010489960550330579 at step: 15600 lr 0.0002
2026-05-03 01:30:54 - INFO - (Val @ epoch 6) acc: 0.99525; ap: 0.9999570450504245 r_acc: 0.99125; f_acc: 0.99925
2026-05-03 01:32:25 - INFO - Train loss: 0.0002788251731544733 at step: 16000 lr 0.0002
2026-05-03 01:34:05 - INFO - Train loss: 0.001457519130781293 at step: 16400 lr 0.0002
2026-05-03 01:35:43 - INFO - Train loss: 0.034028537571430206 at step: 16800 lr 0.0002
2026-05-03 01:37:21 - INFO - Train loss: 0.011603260412812233 at step: 17200 lr 0.0002
2026-05-03 01:39:01 - INFO - Train loss: 0.08537904918193817 at step: 17600 lr 0.0002
2026-05-03 01:40:41 - INFO - Train loss: 0.0029640886932611465 at step: 18000 lr 0.0002
2026-05-03 01:42:14 - INFO - (Val @ epoch 7) acc: 0.99925; ap: 0.9999963590307329 r_acc: 0.99875; f_acc: 0.99975
2026-05-03 01:44:24 - INFO - Train loss: 0.00031567280529998243 at step: 18400 lr 0.0002
2026-05-03 01:46:03 - INFO - Train loss: 7.277251279447228e-05 at step: 18800 lr 0.0002
2026-05-03 01:47:42 - INFO - Train loss: 0.0003791943017859012 at step: 19200 lr 0.0002
2026-05-03 01:49:21 - INFO - Train loss: 2.2076608729548752e-05 at step: 19600 lr 0.0002
2026-05-03 01:51:00 - INFO - Train loss: 1.870649794000201e-05 at step: 20000 lr 0.0002
2026-05-03 01:53:36 - INFO - (Val @ epoch 8) acc: 0.99925; ap: 0.9999979384733496 r_acc: 0.99875; f_acc: 0.99975
2026-05-03 01:54:43 - INFO - Train loss: 0.00022305484162643552 at step: 20400 lr 0.0002
2026-05-03 01:56:24 - INFO - Train loss: 0.006697569042444229 at step: 20800 lr 0.0002
2026-05-03 01:58:06 - INFO - Train loss: 0.0007733562961220741 at step: 21200 lr 0.0002
2026-05-03 01:59:48 - INFO - Train loss: 7.751841621939093e-06 at step: 21600 lr 0.0002
2026-05-03 02:01:31 - INFO - Train loss: 0.0002653480914887041 at step: 22000 lr 0.0002
2026-05-03 02:03:13 - INFO - Train loss: 0.00011511557386256754 at step: 22400 lr 0.0002
2026-05-03 02:05:12 - INFO - (Val @ epoch 9) acc: 0.995; ap: 0.9999899882069314 r_acc: 0.99; f_acc: 1.0
2026-05-03 02:06:55 - INFO - Train loss: 0.00023963591956999153 at step: 22800 lr 0.0002
2026-05-03 02:08:34 - INFO - Train loss: 0.19028006494045258 at step: 23200 lr 0.0002
2026-05-03 02:10:13 - INFO - Train loss: 0.014823594130575657 at step: 23600 lr 0.0002
2026-05-03 02:11:53 - INFO - Train loss: 2.5065754016395658e-05 at step: 24000 lr 0.0002
2026-05-03 02:13:33 - INFO - Train loss: 2.7727663109544665e-05 at step: 24400 lr 0.0002
2026-05-03 02:15:02 - INFO - saving the model at the end of epoch 10
2026-05-03 02:15:02 - INFO - changing lr at the end of epoch 10, iters 24750
2026-05-03 02:16:38 - INFO - (Val @ epoch 10) acc: 0.999625; ap: 0.9999996876248907 r_acc: 0.99975; f_acc: 0.9995
2026-05-03 02:17:20 - INFO - Train loss: 0.03733108192682266 at step: 24800 lr 0.00018
2026-05-03 02:19:00 - INFO - Train loss: 9.909060281643178e-06 at step: 25200 lr 0.00018
2026-05-03 02:20:43 - INFO - Train loss: 1.4172330338624306e-05 at step: 25600 lr 0.00018
2026-05-03 02:22:24 - INFO - Train loss: 0.0003674836189020425 at step: 26000 lr 0.00018
2026-05-03 02:24:07 - INFO - Train loss: 3.4416218113619834e-05 at step: 26400 lr 0.00018
2026-05-03 02:25:50 - INFO - Train loss: 2.1611965905776742e-07 at step: 26800 lr 0.00018
2026-05-03 02:28:18 - INFO - (Val @ epoch 11) acc: 0.99975; ap: 0.9999989406455217 r_acc: 1.0; f_acc: 0.9995
2026-05-03 02:29:36 - INFO - Train loss: 0.010141019709408283 at step: 27200 lr 0.00018
2026-05-03 02:31:15 - INFO - Train loss: 0.00022430824174080044 at step: 27600 lr 0.00018
2026-05-03 02:32:55 - INFO - Train loss: 0.005070030689239502 at step: 28000 lr 0.00018
2026-05-03 02:34:34 - INFO - Train loss: 0.0021206506062299013 at step: 28400 lr 0.00018
2026-05-03 02:36:14 - INFO - Train loss: 4.502531282923883e-06 at step: 28800 lr 0.00018
2026-05-03 02:37:53 - INFO - Train loss: 8.964648259279784e-06 at step: 29200 lr 0.00018
2026-05-03 02:39:42 - INFO - (Val @ epoch 12) acc: 0.999625; ap: 0.9999997499687265 r_acc: 0.99975; f_acc: 0.9995
2026-05-03 02:41:36 - INFO - Train loss: 4.8666290240362287e-05 at step: 29600 lr 0.00018
2026-05-03 02:43:14 - INFO - Train loss: 1.8825643564923666e-05 at step: 30000 lr 0.00018
2026-05-03 02:44:53 - INFO - Train loss: 0.00011171802179887891 at step: 30400 lr 0.00018
2026-05-03 02:46:32 - INFO - Train loss: 6.652154115727171e-05 at step: 30800 lr 0.00018
2026-05-03 02:48:15 - INFO - Train loss: 0.00015531029202975333 at step: 31200 lr 0.00018
2026-05-03 02:51:04 - INFO - (Val @ epoch 13) acc: 0.997375; ap: 0.9999948864226919 r_acc: 1.0; f_acc: 0.99475
2026-05-03 02:51:59 - INFO - Train loss: 6.485007907031104e-05 at step: 31600 lr 0.00018
2026-05-03 02:53:37 - INFO - Train loss: 2.2157990315463394e-05 at step: 32000 lr 0.00018
2026-05-03 02:55:16 - INFO - Train loss: 0.0002427759172860533 at step: 32400 lr 0.00018
2026-05-03 02:56:55 - INFO - Train loss: 3.7362264265539125e-05 at step: 32800 lr 0.00018
2026-05-03 02:58:34 - INFO - Train loss: 0.000423602934461087 at step: 33200 lr 0.00018
2026-05-03 03:00:15 - INFO - Train loss: 5.0860486226156354e-05 at step: 33600 lr 0.00018
2026-05-03 03:02:26 - INFO - (Val @ epoch 14) acc: 0.99975; ap: 0.9999999375156211 r_acc: 0.99975; f_acc: 0.99975
2026-05-03 03:03:57 - INFO - Train loss: 0.0008567944169044495 at step: 34000 lr 0.00018
2026-05-03 03:05:34 - INFO - Train loss: 0.0007315098773688078 at step: 34400 lr 0.00018
2026-05-03 03:07:14 - INFO - Train loss: 0.00011688093218253925 at step: 34800 lr 0.00018
2026-05-03 03:08:53 - INFO - Train loss: 2.444113306410145e-06 at step: 35200 lr 0.00018
2026-05-03 03:10:33 - INFO - Train loss: 0.015181967988610268 at step: 35600 lr 0.00018
2026-05-03 03:12:12 - INFO - Train loss: 0.000138521398184821 at step: 36000 lr 0.00018
2026-05-03 03:13:46 - INFO - (Val @ epoch 15) acc: 0.999875; ap: 0.999999875015621 r_acc: 0.99975; f_acc: 1.0
2026-05-03 03:15:53 - INFO - Train loss: 0.00015024533786345273 at step: 36400 lr 0.00018
2026-05-03 03:17:33 - INFO - Train loss: 0.0017975991358980536 at step: 36800 lr 0.00018
2026-05-03 03:19:13 - INFO - Train loss: 1.033575608744286e-05 at step: 37200 lr 0.00018
2026-05-03 03:20:53 - INFO - Train loss: 0.0006342478445731103 at step: 37600 lr 0.00018
2026-05-03 03:22:33 - INFO - Train loss: 6.530748578370549e-06 at step: 38000 lr 0.00018
2026-05-03 03:25:10 - INFO - (Val @ epoch 16) acc: 0.999875; ap: 1.0 r_acc: 0.99975; f_acc: 1.0
2026-05-03 03:26:20 - INFO - Train loss: 2.6307510779588483e-05 at step: 38400 lr 0.00018
2026-05-03 03:28:01 - INFO - Train loss: 7.310479850275442e-05 at step: 38800 lr 0.00018
2026-05-03 03:29:44 - INFO - Train loss: 2.5872121113934554e-05 at step: 39200 lr 0.00018
2026-05-03 03:31:25 - INFO - Train loss: 3.6700424971058965e-05 at step: 39600 lr 0.00018
2026-05-03 03:33:07 - INFO - Train loss: 2.4249302441603504e-05 at step: 40000 lr 0.00018
2026-05-03 03:34:51 - INFO - Train loss: 0.005664815194904804 at step: 40400 lr 0.00018
2026-05-03 03:36:51 - INFO - (Val @ epoch 17) acc: 0.999625; ap: 1.0 r_acc: 0.99925; f_acc: 1.0
2026-05-03 03:38:37 - INFO - Train loss: 0.0008379461360163987 at step: 40800 lr 0.00018
2026-05-03 03:40:19 - INFO - Train loss: 9.231991953129182e-07 at step: 41200 lr 0.00018
2026-05-03 03:42:01 - INFO - Train loss: 0.0008490138570778072 at step: 41600 lr 0.00018
2026-05-03 03:43:45 - INFO - Train loss: 0.03405343368649483 at step: 42000 lr 0.00018
2026-05-03 03:45:27 - INFO - Train loss: 9.804384717426728e-07 at step: 42400 lr 0.00018
2026-05-03 03:48:33 - INFO - (Val @ epoch 18) acc: 0.999875; ap: 1.0 r_acc: 0.99975; f_acc: 1.0
2026-05-03 03:49:14 - INFO - Train loss: 2.213677134932368e-06 at step: 42800 lr 0.00018
2026-05-03 03:50:54 - INFO - Train loss: 7.459899643436074e-05 at step: 43200 lr 0.00018
2026-05-03 03:52:37 - INFO - Train loss: 2.1991221728967503e-05 at step: 43600 lr 0.00018
2026-05-03 03:54:18 - INFO - Train loss: 2.4809278329485096e-05 at step: 44000 lr 0.00018
2026-05-03 03:55:59 - INFO - Train loss: 4.162050026934594e-05 at step: 44400 lr 0.00018
2026-05-03 03:57:41 - INFO - Train loss: 6.921686872374266e-05 at step: 44800 lr 0.00018
2026-05-03 04:00:04 - INFO - (Val @ epoch 19) acc: 1.0; ap: 1.0 r_acc: 1.0; f_acc: 1.0
2026-05-03 04:01:23 - INFO - Train loss: 0.00040718045784160495 at step: 45200 lr 0.00018
2026-05-03 04:03:03 - INFO - Train loss: 2.049653176072752e-06 at step: 45600 lr 0.00018
2026-05-03 04:04:43 - INFO - Train loss: 0.0019825249910354614 at step: 46000 lr 0.00018
2026-05-03 04:06:23 - INFO - Train loss: 1.7209797078976408e-05 at step: 46400 lr 0.00018
2026-05-03 04:08:03 - INFO - Train loss: 0.0008011232712306082 at step: 46800 lr 0.00018
2026-05-03 04:09:44 - INFO - Train loss: 6.134062005003216e-06 at step: 47200 lr 0.00018
2026-05-03 04:09:57 - INFO - saving the model at the end of epoch 20
2026-05-03 04:09:57 - INFO - changing lr at the end of epoch 20, iters 47250
2026-05-03 04:11:33 - INFO - (Val @ epoch 20) acc: 0.99975; ap: 0.9999998750624688 r_acc: 1.0; f_acc: 0.9995
2026-05-03 04:13:27 - INFO - Train loss: 0.01460808701813221 at step: 47600 lr 0.000162
2026-05-03 04:15:06 - INFO - Train loss: 0.00018599267059471458 at step: 48000 lr 0.000162
2026-05-03 04:16:45 - INFO - Train loss: 0.0005516759119927883 at step: 48400 lr 0.000162
2026-05-03 04:18:25 - INFO - Train loss: 8.64841331349453e-06 at step: 48800 lr 0.000162
2026-05-03 04:20:05 - INFO - Train loss: 8.914823865779908e-07 at step: 49200 lr 0.000162
2026-05-03 04:22:55 - INFO - (Val @ epoch 21) acc: 1.0; ap: 1.0 r_acc: 1.0; f_acc: 1.0
2026-05-03 04:23:51 - INFO - Train loss: 2.693486464977468e-07 at step: 49600 lr 0.000162
2026-05-03 04:25:32 - INFO - Train loss: 1.52756086890804e-07 at step: 50000 lr 0.000162
2026-05-03 04:27:14 - INFO - Train loss: 3.7373560189735144e-05 at step: 50400 lr 0.000162
2026-05-03 04:28:56 - INFO - Train loss: 7.982949318829924e-05 at step: 50800 lr 0.000162
2026-05-03 04:30:39 - INFO - Train loss: 0.0003377202374394983 at step: 51200 lr 0.000162
2026-05-03 04:32:21 - INFO - Train loss: 8.184758257812064e-07 at step: 51600 lr 0.000162
2026-05-03 04:34:34 - INFO - (Val @ epoch 22) acc: 0.999625; ap: 0.9999999375156211 r_acc: 0.99925; f_acc: 1.0
2026-05-03 04:36:04 - INFO - Train loss: 4.652146526495926e-05 at step: 52000 lr 0.000162
2026-05-03 04:37:44 - INFO - Train loss: 9.35942262003664e-06 at step: 52400 lr 0.000162
2026-05-03 04:39:23 - INFO - Train loss: 0.00012408837210386992 at step: 52800 lr 0.000162
2026-05-03 04:41:03 - INFO - Train loss: 7.914341404102743e-05 at step: 53200 lr 0.000162
2026-05-03 04:42:44 - INFO - Train loss: 5.792276738247892e-07 at step: 53600 lr 0.000162
2026-05-03 04:44:24 - INFO - Train loss: 6.567577770510979e-07 at step: 54000 lr 0.000162
2026-05-03 04:45:57 - INFO - (Val @ epoch 23) acc: 0.9995; ap: 0.9999993134511095 r_acc: 0.99975; f_acc: 0.99925
2026-05-03 04:48:08 - INFO - Train loss: 3.327337617520243e-05 at step: 54400 lr 0.000162
2026-05-03 04:49:50 - INFO - Train loss: 2.4550246962462552e-05 at step: 54800 lr 0.000162
2026-05-03 04:51:33 - INFO - Train loss: 1.993779733311385e-05 at step: 55200 lr 0.000162
2026-05-03 04:53:16 - INFO - Train loss: 2.167468437619391e-06 at step: 55600 lr 0.000162
2026-05-03 04:54:58 - INFO - Train loss: 0.0002422245597699657 at step: 56000 lr 0.000162
2026-05-03 04:57:36 - INFO - (Val @ epoch 24) acc: 0.999875; ap: 1.0 r_acc: 1.0; f_acc: 0.99975
2026-05-03 04:58:41 - INFO - Train loss: 0.0007311177905648947 at step: 56400 lr 0.000162
2026-05-03 05:00:20 - INFO - Train loss: 1.459354621147213e-06 at step: 56800 lr 0.000162
2026-05-03 05:01:59 - INFO - Train loss: 1.6237260069829063e-07 at step: 57200 lr 0.000162
2026-05-03 05:03:39 - INFO - Train loss: 7.011724846961442e-06 at step: 57600 lr 0.000162
2026-05-03 05:05:19 - INFO - Train loss: 0.0001933873863890767 at step: 58000 lr 0.000162
2026-05-03 05:07:00 - INFO - Train loss: 2.223094043074525e-06 at step: 58400 lr 0.000162
2026-05-03 05:08:58 - INFO - (Val @ epoch 25) acc: 0.99925; ap: 0.999999624968664 r_acc: 0.9985; f_acc: 1.0
2026-05-03 05:10:45 - INFO - Train loss: 3.606559630497941e-06 at step: 58800 lr 0.000162
2026-05-03 05:12:25 - INFO - Train loss: 2.7838145797431935e-06 at step: 59200 lr 0.000162
2026-05-03 05:14:08 - INFO - Train loss: 9.57854922489787e-07 at step: 59600 lr 0.000162
2026-05-03 05:15:51 - INFO - Train loss: 2.7413416319177486e-05 at step: 60000 lr 0.000162
2026-05-03 05:17:34 - INFO - Train loss: 4.205994912354072e-07 at step: 60400 lr 0.000162
2026-05-03 05:20:39 - INFO - (Val @ epoch 26) acc: 0.999625; ap: 0.9999998750624688 r_acc: 1.0; f_acc: 0.99925
2026-05-03 05:21:20 - INFO - Train loss: 3.01024156215135e-05 at step: 60800 lr 0.000162
2026-05-03 05:22:58 - INFO - Train loss: 0.0001912289299070835 at step: 61200 lr 0.000162
2026-05-03 05:24:36 - INFO - Train loss: 9.344931459054351e-05 at step: 61600 lr 0.000162
2026-05-03 05:26:15 - INFO - Train loss: 1.2293529835005756e-05 at step: 62000 lr 0.000162
2026-05-03 05:27:56 - INFO - Train loss: 0.0015089217340573668 at step: 62400 lr 0.000162
2026-05-03 05:29:37 - INFO - Train loss: 0.02156633697450161 at step: 62800 lr 0.000162
2026-05-03 05:31:59 - INFO - (Val @ epoch 27) acc: 0.999625; ap: 0.9999997502497503 r_acc: 1.0; f_acc: 0.99925
2026-05-03 05:33:16 - INFO - Train loss: 0.0004529220168478787 at step: 63200 lr 0.000162
2026-05-03 05:34:55 - INFO - Train loss: 9.523754852125421e-05 at step: 63600 lr 0.000162
2026-05-03 05:36:35 - INFO - Train loss: 0.00012494645488914102 at step: 64000 lr 0.000162
2026-05-03 05:38:14 - INFO - Train loss: 1.9084452560491627e-06 at step: 64400 lr 0.000162
2026-05-03 05:39:56 - INFO - Train loss: 4.05488435717416e-06 at step: 64800 lr 0.000162
2026-05-03 05:41:35 - INFO - Train loss: 0.00073627958772704 at step: 65200 lr 0.000162
2026-05-03 05:43:22 - INFO - (Val @ epoch 28) acc: 0.999625; ap: 1.0 r_acc: 0.99925; f_acc: 1.0
2026-05-03 05:45:19 - INFO - Train loss: 9.035498806042597e-05 at step: 65600 lr 0.000162
2026-05-03 05:46:57 - INFO - Train loss: 1.912845800688956e-05 at step: 66000 lr 0.000162
2026-05-03 05:48:36 - INFO - Train loss: 1.9356661141500808e-05 at step: 66400 lr 0.000162
2026-05-03 05:50:16 - INFO - Train loss: 3.461310598140699e-07 at step: 66800 lr 0.000162
2026-05-03 05:51:56 - INFO - Train loss: 1.3530259820981883e-05 at step: 67200 lr 0.000162
2026-05-03 05:54:48 - INFO - (Val @ epoch 29) acc: 0.999625; ap: 0.9999996875155742 r_acc: 0.99925; f_acc: 1.0
2026-05-03 05:55:42 - INFO - Train loss: 0.000449255108833313 at step: 67600 lr 0.000162
2026-05-03 05:57:20 - INFO - Train loss: 5.5746102589182556e-05 at step: 68000 lr 0.000162
2026-05-03 05:58:57 - INFO - Train loss: 1.2821092241210863e-05 at step: 68400 lr 0.000162
2026-05-03 06:00:37 - INFO - Train loss: 6.342734764075431e-07 at step: 68800 lr 0.000162
2026-05-03 06:02:18 - INFO - Train loss: 4.5112596126273274e-05 at step: 69200 lr 0.000162
2026-05-03 06:03:59 - INFO - Train loss: 5.928777318331413e-05 at step: 69600 lr 0.000162
2026-05-03 06:04:37 - INFO - saving the model at the end of epoch 30
2026-05-03 06:04:37 - INFO - changing lr at the end of epoch 30, iters 69750
2026-05-03 06:06:11 - INFO - (Val @ epoch 30) acc: 0.999875; ap: 1.0 r_acc: 0.99975; f_acc: 1.0
2026-05-03 06:07:41 - INFO - Train loss: 9.007546395878308e-06 at step: 70000 lr 0.00014580000000000002
2026-05-03 06:09:20 - INFO - Train loss: 1.7972221030504443e-05 at step: 70400 lr 0.00014580000000000002
2026-05-03 06:10:58 - INFO - Train loss: 6.428532287827693e-06 at step: 70800 lr 0.00014580000000000002
2026-05-03 06:12:38 - INFO - Train loss: 0.00013208415475673974 at step: 71200 lr 0.00014580000000000002
2026-05-03 06:14:17 - INFO - Train loss: 7.53109561628662e-05 at step: 71600 lr 0.00014580000000000002
2026-05-03 06:15:57 - INFO - Train loss: 2.883390880015213e-05 at step: 72000 lr 0.00014580000000000002
2026-05-03 06:17:30 - INFO - (Val @ epoch 31) acc: 1.0; ap: 1.0 r_acc: 1.0; f_acc: 1.0
2026-05-03 06:19:40 - INFO - Train loss: 4.7103412725846283e-07 at step: 72400 lr 0.00014580000000000002
2026-05-03 06:21:23 - INFO - Train loss: 5.017809598939493e-06 at step: 72800 lr 0.00014580000000000002
2026-05-03 06:23:06 - INFO - Train loss: 0.0008727817912586033 at step: 73200 lr 0.00014580000000000002
2026-05-03 06:24:47 - INFO - Train loss: 2.435367377984221e-06 at step: 73600 lr 0.00014580000000000002
2026-05-03 06:26:30 - INFO - Train loss: 9.535228309687227e-05 at step: 74000 lr 0.00014580000000000002
2026-05-03 06:29:08 - INFO - (Val @ epoch 32) acc: 0.999875; ap: 1.0 r_acc: 0.99975; f_acc: 1.0
2026-05-03 06:30:17 - INFO - Train loss: 0.001029566628858447 at step: 74400 lr 0.00014580000000000002
2026-05-03 06:31:57 - INFO - Train loss: 1.4180092875903938e-05 at step: 74800 lr 0.00014580000000000002
2026-05-03 06:33:36 - INFO - Train loss: 1.107433149627468e-06 at step: 75200 lr 0.00014580000000000002
2026-05-03 06:35:15 - INFO - Train loss: 3.0741095542907715e-05 at step: 75600 lr 0.00014580000000000002
2026-05-03 06:36:55 - INFO - Train loss: 1.7719097741064616e-05 at step: 76000 lr 0.00014580000000000002
2026-05-03 06:38:35 - INFO - Train loss: 5.39766688234522e-07 at step: 76400 lr 0.00014580000000000002
2026-05-03 06:40:40 - INFO - (Val @ epoch 33) acc: 0.9995; ap: 0.9999998750624688 r_acc: 0.999; f_acc: 1.0
2026-05-03 06:42:23 - INFO - Train loss: 2.7272881197859533e-07 at step: 76800 lr 0.00014580000000000002
2026-05-03 06:44:02 - INFO - Train loss: 7.853417969272414e-07 at step: 77200 lr 0.00014580000000000002
2026-05-03 06:45:40 - INFO - Train loss: 4.7158893721643835e-05 at step: 77600 lr 0.00014580000000000002
2026-05-03 06:47:21 - INFO - Train loss: 4.730085123583194e-08 at step: 78000 lr 0.00014580000000000002
2026-05-03 06:49:02 - INFO - Train loss: 0.0005147309857420623 at step: 78400 lr 0.00014580000000000002
2026-05-03 06:52:03 - INFO - (Val @ epoch 34) acc: 1.0; ap: 1.0 r_acc: 1.0; f_acc: 1.0
2026-05-03 06:52:44 - INFO - Train loss: 6.608956027776003e-06 at step: 78800 lr 0.00014580000000000002
2026-05-03 06:54:22 - INFO - Train loss: 5.156842235010117e-06 at step: 79200 lr 0.00014580000000000002
2026-05-03 06:56:00 - INFO - Train loss: 6.700322046526708e-06 at step: 79600 lr 0.00014580000000000002
2026-05-03 06:57:39 - INFO - Train loss: 9.83018935585278e-07 at step: 80000 lr 0.00014580000000000002
2026-05-03 06:59:18 - INFO - Train loss: 1.9661451915453654e-06 at step: 80400 lr 0.00014580000000000002
2026-05-03 07:00:58 - INFO - Train loss: 3.905683456650877e-07 at step: 80800 lr 0.00014580000000000002
2026-05-03 07:03:20 - INFO - (Val @ epoch 35) acc: 0.999875; ap: 1.0 r_acc: 0.99975; f_acc: 1.0
2026-05-03 07:04:38 - INFO - Train loss: 1.046804572979454e-05 at step: 81200 lr 0.00014580000000000002
2026-05-03 07:06:16 - INFO - Train loss: 9.920283446263056e-06 at step: 81600 lr 0.00014580000000000002
2026-05-03 07:07:56 - INFO - Train loss: 1.7247884977894534e-12 at step: 82000 lr 0.00014580000000000002
2026-05-03 07:09:36 - INFO - Train loss: 2.6239915769110667e-06 at step: 82400 lr 0.00014580000000000002
2026-05-03 07:11:14 - INFO - Train loss: 2.2114170860731974e-05 at step: 82800 lr 0.00014580000000000002
2026-05-03 07:12:54 - INFO - Train loss: 3.654340252978727e-05 at step: 83200 lr 0.00014580000000000002
2026-05-03 07:14:41 - INFO - (Val @ epoch 36) acc: 1.0; ap: 1.0 r_acc: 1.0; f_acc: 1.0
2026-05-03 07:16:41 - INFO - Train loss: 2.7721972628569347e-07 at step: 83600 lr 0.00014580000000000002
2026-05-03 07:18:22 - INFO - Train loss: 1.7343514855383546e-06 at step: 84000 lr 0.00014580000000000002
2026-05-03 07:20:05 - INFO - Train loss: 8.238350233114033e-07 at step: 84400 lr 0.00014580000000000002
2026-05-03 07:21:48 - INFO - Train loss: 3.8745932329220523e-07 at step: 84800 lr 0.00014580000000000002
2026-05-03 07:23:31 - INFO - Train loss: 2.1174563491488385e-10 at step: 85200 lr 0.00014580000000000002
2026-05-03 07:26:25 - INFO - (Val @ epoch 37) acc: 1.0; ap: 1.0 r_acc: 1.0; f_acc: 1.0
2026-05-03 07:27:19 - INFO - Train loss: 1.9073486328125e-06 at step: 85600 lr 0.00014580000000000002
2026-05-03 07:28:58 - INFO - Train loss: 6.40762118564453e-06 at step: 86000 lr 0.00014580000000000002
2026-05-03 07:30:37 - INFO - Train loss: 0.00012919335858896375 at step: 86400 lr 0.00014580000000000002
2026-05-03 07:32:15 - INFO - Train loss: 4.48714786216442e-07 at step: 86800 lr 0.00014580000000000002
2026-05-03 07:33:56 - INFO - Train loss: 1.4132139085631934e-06 at step: 87200 lr 0.00014580000000000002
2026-05-03 07:35:38 - INFO - Train loss: 6.875197141198441e-05 at step: 87600 lr 0.00014580000000000002
2026-05-03 07:37:48 - INFO - (Val @ epoch 38) acc: 0.999875; ap: 1.0 r_acc: 0.99975; f_acc: 1.0
2026-05-03 07:39:20 - INFO - Train loss: 1.1635064538495499e-06 at step: 88000 lr 0.00014580000000000002
2026-05-03 07:41:02 - INFO - Train loss: 3.5247883261035895e-06 at step: 88400 lr 0.00014580000000000002
2026-05-03 07:42:44 - INFO - Train loss: 4.0531158447265625e-06 at step: 88800 lr 0.00014580000000000002
2026-05-03 07:44:27 - INFO - Train loss: 8.348902724719665e-07 at step: 89200 lr 0.00014580000000000002
2026-05-03 07:46:08 - INFO - Train loss: 3.2700665997253964e-06 at step: 89600 lr 0.00014580000000000002
2026-05-03 07:47:49 - INFO - Train loss: 7.718610390838876e-07 at step: 90000 lr 0.00014580000000000002
2026-05-03 07:49:23 - INFO - (Val @ epoch 39) acc: 1.0; ap: 1.0 r_acc: 1.0; f_acc: 1.0
2026-05-03 07:51:30 - INFO - Train loss: 5.723156391468365e-06 at step: 90400 lr 0.00014580000000000002
2026-05-03 07:53:07 - INFO - Train loss: 0.0003947275981772691 at step: 90800 lr 0.00014580000000000002
2026-05-03 07:54:48 - INFO - Train loss: 4.56147745353519e-06 at step: 91200 lr 0.00014580000000000002
2026-05-03 07:56:27 - INFO - Train loss: 1.1146068572998047e-05 at step: 91600 lr 0.00014580000000000002
2026-05-03 07:58:07 - INFO - Train loss: 1.2815000900445739e-06 at step: 92000 lr 0.00014580000000000002
2026-05-03 07:59:10 - INFO - saving the model at the end of epoch 40
2026-05-03 07:59:10 - INFO - changing lr at the end of epoch 40, iters 92250
2026-05-03 08:00:47 - INFO - (Val @ epoch 40) acc: 1.0; ap: 1.0 r_acc: 1.0; f_acc: 1.0
2026-05-03 08:01:52 - INFO - Train loss: 6.855947276562802e-07 at step: 92400 lr 0.00013122000000000003
2026-05-03 08:03:31 - INFO - Train loss: 1.3355705050344113e-05 at step: 92800 lr 0.00013122000000000003
2026-05-03 08:05:09 - INFO - Train loss: 5.216667204877012e-07 at step: 93200 lr 0.00013122000000000003
2026-05-03 08:06:49 - INFO - Train loss: 1.0937513252429198e-05 at step: 93600 lr 0.00013122000000000003
2026-05-03 08:08:28 - INFO - Train loss: 9.481259439780843e-06 at step: 94000 lr 0.00013122000000000003
2026-05-03 08:10:08 - INFO - Train loss: 2.4005770683288574e-05 at step: 94400 lr 0.00013122000000000003
2026-05-03 08:12:07 - INFO - (Val @ epoch 41) acc: 0.999875; ap: 1.0 r_acc: 0.99975; f_acc: 1.0
2026-05-03 08:13:49 - INFO - Train loss: 6.258487701416016e-06 at step: 94800 lr 0.00013122000000000003
2026-05-03 08:15:27 - INFO - Train loss: 9.089711966225877e-06 at step: 95200 lr 0.00013122000000000003
2026-05-03 08:17:07 - INFO - Train loss: 7.084012031555176e-05 at step: 95600 lr 0.00013122000000000003
2026-05-03 08:18:46 - INFO - Train loss: 1.2912641977891326e-06 at step: 96000 lr 0.00013122000000000003
2026-05-03 08:20:25 - INFO - Train loss: 9.86676514003193e-06 at step: 96400 lr 0.00013122000000000003
2026-05-03 08:23:27 - INFO - (Val @ epoch 42) acc: 1.0; ap: 1.0 r_acc: 1.0; f_acc: 1.0
2026-05-03 08:24:09 - INFO - Train loss: 9.129949063435561e-08 at step: 96800 lr 0.00013122000000000003
2026-05-03 08:25:46 - INFO - Train loss: 8.051927125052316e-08 at step: 97200 lr 0.00013122000000000003
2026-05-03 08:27:26 - INFO - Train loss: 5.570056146098068e-06 at step: 97600 lr 0.00013122000000000003
2026-05-03 08:29:05 - INFO - Train loss: 7.094832881193724e-07 at step: 98000 lr 0.00013122000000000003
2026-05-03 08:30:46 - INFO - Train loss: 4.9585305532673374e-05 at step: 98400 lr 0.00013122000000000003
2026-05-03 08:32:25 - INFO - Train loss: 1.1293668649159372e-06 at step: 98800 lr 0.00013122000000000003
2026-05-03 08:34:49 - INFO - (Val @ epoch 43) acc: 1.0; ap: 1.0 r_acc: 1.0; f_acc: 1.0
2026-05-03 08:36:08 - INFO - Train loss: 8.136150427162647e-06 at step: 99200 lr 0.00013122000000000003
2026-05-03 08:37:45 - INFO - Train loss: 1.1920928955078125e-06 at step: 99600 lr 0.00013122000000000003
2026-05-03 08:39:23 - INFO - Train loss: 3.649023938123719e-06 at step: 100000 lr 0.00013122000000000003
2026-05-03 08:41:03 - INFO - Train loss: 2.3274456850685965e-07 at step: 100400 lr 0.00013122000000000003
2026-05-03 08:42:42 - INFO - Train loss: 1.0443675080296089e-07 at step: 100800 lr 0.00013122000000000003
2026-05-03 08:44:22 - INFO - Train loss: 6.8247318267822266e-06 at step: 101200 lr 0.00013122000000000003
2026-05-03 08:46:08 - INFO - (Val @ epoch 44) acc: 1.0; ap: 1.0 r_acc: 1.0; f_acc: 1.0
2026-05-03 08:48:05 - INFO - Train loss: 5.366183017940784e-07 at step: 101600 lr 0.00013122000000000003
2026-05-03 08:49:46 - INFO - Train loss: 0.00028068956453353167 at step: 102000 lr 0.00013122000000000003
2026-05-03 08:51:30 - INFO - Train loss: 4.5206300569589075e-07 at step: 102400 lr 0.00013122000000000003
2026-05-03 08:53:11 - INFO - Train loss: 8.436887583229691e-05 at step: 102800 lr 0.00013122000000000003
2026-05-03 08:54:53 - INFO - Train loss: 2.115967390636797e-06 at step: 103200 lr 0.00013122000000000003
2026-05-03 08:57:43 - INFO - (Val @ epoch 45) acc: 0.999625; ap: 0.9999998125624688 r_acc: 1.0; f_acc: 0.99925
2026-05-03 08:58:40 - INFO - Train loss: 3.4522877001563756e-08 at step: 103600 lr 0.00013122000000000003
2026-05-03 09:00:19 - INFO - Train loss: 5.001625595468795e-06 at step: 104000 lr 0.00013122000000000003
2026-05-03 09:01:58 - INFO - Train loss: 1.7881417079479434e-05 at step: 104400 lr 0.00013122000000000003
2026-05-03 09:03:37 - INFO - Train loss: 6.735324859619141e-06 at step: 104800 lr 0.00013122000000000003
2026-05-03 09:05:17 - INFO - Train loss: 9.293319749303919e-07 at step: 105200 lr 0.00013122000000000003
2026-05-03 09:06:57 - INFO - Train loss: 4.14167633522311e-09 at step: 105600 lr 0.00013122000000000003
2026-05-03 09:09:07 - INFO - (Val @ epoch 46) acc: 1.0; ap: 1.0 r_acc: 1.0; f_acc: 1.0
2026-05-03 09:10:40 - INFO - Train loss: 0.00021886832837481052 at step: 106000 lr 0.00013122000000000003
2026-05-03 09:12:19 - INFO - Train loss: 8.005458948900923e-05 at step: 106400 lr 0.00013122000000000003
2026-05-03 09:13:58 - INFO - Train loss: 3.278435656284273e-07 at step: 106800 lr 0.00013122000000000003
2026-05-03 09:15:36 - INFO - Train loss: 1.1479060049168766e-05 at step: 107200 lr 0.00013122000000000003
2026-05-03 09:17:16 - INFO - Train loss: 2.980733881940978e-08 at step: 107600 lr 0.00013122000000000003
2026-05-03 09:18:55 - INFO - Train loss: 1.2107620932511054e-06 at step: 108000 lr 0.00013122000000000003
2026-05-03 09:20:31 - INFO - (Val @ epoch 47) acc: 0.999875; ap: 1.0 r_acc: 0.99975; f_acc: 1.0
2026-05-03 09:22:38 - INFO - Train loss: 9.500985470367596e-05 at step: 108400 lr 0.00013122000000000003
2026-05-03 09:24:18 - INFO - Train loss: 4.2780845888046315e-07 at step: 108800 lr 0.00013122000000000003
2026-05-03 09:26:00 - INFO - Train loss: 2.34358253692335e-06 at step: 109200 lr 0.00013122000000000003
2026-05-03 09:27:40 - INFO - Train loss: 2.984399927186132e-08 at step: 109600 lr 0.00013122000000000003
2026-05-03 09:29:22 - INFO - Train loss: 2.803622010105755e-07 at step: 110000 lr 0.00013122000000000003
2026-05-03 09:31:59 - INFO - (Val @ epoch 48) acc: 0.99975; ap: 0.9999995622810309 r_acc: 0.9995; f_acc: 1.0
2026-05-03 09:33:05 - INFO - Train loss: 0.00048356206389144063 at step: 110400 lr 0.00013122000000000003
2026-05-03 09:34:43 - INFO - Train loss: 0.0014613380189985037 at step: 110800 lr 0.00013122000000000003
2026-05-03 09:36:22 - INFO - Train loss: 4.92915796712623e-06 at step: 111200 lr 0.00013122000000000003
2026-05-03 09:38:02 - INFO - Train loss: 2.8492429919424467e-05 at step: 111600 lr 0.00013122000000000003
2026-05-03 09:39:41 - INFO - Train loss: 4.319014806242194e-06 at step: 112000 lr 0.00013122000000000003
2026-05-03 09:41:21 - INFO - Train loss: 6.030795702827163e-06 at step: 112400 lr 0.00013122000000000003
2026-05-03 09:43:18 - INFO - (Val @ epoch 49) acc: 1.0; ap: 1.0 r_acc: 1.0; f_acc: 1.0
2026-05-03 09:45:03 - INFO - Train loss: 8.225444616982713e-06 at step: 112800 lr 0.00013122000000000003
2026-05-03 09:46:41 - INFO - Train loss: 3.9790915451476394e-08 at step: 113200 lr 0.00013122000000000003
2026-05-03 09:48:19 - INFO - Train loss: 3.725348278749152e-06 at step: 113600 lr 0.00013122000000000003
2026-05-03 09:49:58 - INFO - Train loss: 2.7121309358335566e-06 at step: 114000 lr 0.00013122000000000003
2026-05-03 09:51:39 - INFO - Train loss: 5.241521661147885e-10 at step: 114400 lr 0.00013122000000000003
2026-05-03 09:53:07 - INFO - saving the model at the end of epoch 50
2026-05-03 09:53:07 - INFO - changing lr at the end of epoch 50, iters 114750
2026-05-03 09:54:45 - INFO - (Val @ epoch 50) acc: 0.99975; ap: 1.0 r_acc: 0.9995; f_acc: 1.0
2026-05-03 09:55:27 - INFO - Train loss: 1.04822606772359e-06 at step: 114800 lr 0.00011809800000000003
2026-05-03 09:57:05 - INFO - Train loss: 1.4901161193847656e-05 at step: 115200 lr 0.00011809800000000003
2026-05-03 09:58:43 - INFO - Train loss: 5.981839024116198e-08 at step: 115600 lr 0.00011809800000000003
2026-05-03 10:00:24 - INFO - Train loss: 2.80338796621038e-09 at step: 116000 lr 0.00011809800000000003
2026-05-03 10:02:03 - INFO - Train loss: 3.1076470285995583e-09 at step: 116400 lr 0.00011809800000000003
2026-05-03 10:03:43 - INFO - Train loss: 3.059124509263711e-08 at step: 116800 lr 0.00011809800000000003
2026-05-03 10:06:06 - INFO - (Val @ epoch 51) acc: 0.9995; ap: 0.9999998126405196 r_acc: 1.0; f_acc: 0.999
2026-05-03 10:07:24 - INFO - Train loss: 1.183152289740974e-05 at step: 117200 lr 0.00011809800000000003
2026-05-03 10:09:01 - INFO - Train loss: 2.5992017427256542e-08 at step: 117600 lr 0.00011809800000000003
2026-05-03 10:10:40 - INFO - Train loss: 4.1504751635557113e-08 at step: 118000 lr 0.00011809800000000003
2026-05-03 10:12:21 - INFO - Train loss: 2.721415341966349e-07 at step: 118400 lr 0.00011809800000000003
2026-05-03 10:14:02 - INFO - Train loss: 0.018034610897302628 at step: 118800 lr 0.00011809800000000003
2026-05-03 10:15:40 - INFO - Train loss: 4.10666656236458e-09 at step: 119200 lr 0.00011809800000000003
2026-05-03 10:17:26 - INFO - (Val @ epoch 52) acc: 1.0; ap: 1.0 r_acc: 1.0; f_acc: 1.0
2026-05-03 10:19:21 - INFO - Train loss: 1.788140025382745e-06 at step: 119600 lr 0.00011809800000000003
2026-05-03 10:21:00 - INFO - Train loss: 2.2650774553767405e-06 at step: 120000 lr 0.00011809800000000003
2026-05-03 10:22:40 - INFO - Train loss: 1.572236214997247e-05 at step: 120400 lr 0.00011809800000000003
2026-05-03 10:24:21 - INFO - Train loss: 5.080915343569359e-06 at step: 120800 lr 0.00011809800000000003
2026-05-03 10:26:00 - INFO - Train loss: 6.109476089477539e-06 at step: 121200 lr 0.00011809800000000003
2026-05-03 10:28:49 - INFO - (Val @ epoch 53) acc: 0.99925; ap: 1.0 r_acc: 1.0; f_acc: 0.9985
2026-05-03 10:29:44 - INFO - Train loss: 0.00011741565685952082 at step: 121600 lr 0.00011809800000000003
2026-05-03 10:31:22 - INFO - Train loss: 1.2894344763481058e-05 at step: 122000 lr 0.00011809800000000003
2026-05-03 10:33:01 - INFO - Train loss: 2.2837471647108032e-07 at step: 122400 lr 0.00011809800000000003
2026-05-03 10:34:40 - INFO - Train loss: 7.987401659192983e-06 at step: 122800 lr 0.00011809800000000003
2026-05-03 10:36:20 - INFO - Train loss: 1.4318161447590683e-06 at step: 123200 lr 0.00011809800000000003
2026-05-03 10:38:01 - INFO - Train loss: 0.00011849404108943418 at step: 123600 lr 0.00011809800000000003
2026-05-03 10:40:14 - INFO - (Val @ epoch 54) acc: 1.0; ap: 1.0 r_acc: 1.0; f_acc: 1.0
2026-05-03 10:41:43 - INFO - Train loss: 2.2451109543908387e-05 at step: 124000 lr 0.00011809800000000003
2026-05-03 10:43:23 - INFO - Train loss: 6.583009053429123e-07 at step: 124400 lr 0.00011809800000000003
2026-05-03 10:45:03 - INFO - Train loss: 6.32567264347017e-07 at step: 124800 lr 0.00011809800000000003
2026-05-03 10:46:42 - INFO - Train loss: 1.1938135457967292e-07 at step: 125200 lr 0.00011809800000000003
2026-05-03 10:48:22 - INFO - Train loss: 1.5532497855019756e-05 at step: 125600 lr 0.00011809800000000003
2026-05-03 10:50:02 - INFO - Train loss: 0.0005128832999616861 at step: 126000 lr 0.00011809800000000003
2026-05-03 10:51:35 - INFO - (Val @ epoch 55) acc: 1.0; ap: 1.0 r_acc: 1.0; f_acc: 1.0
2026-05-03 10:53:43 - INFO - Train loss: 2.68241848289108e-07 at step: 126400 lr 0.00011809800000000003
2026-05-03 10:55:21 - INFO - Train loss: 7.11679458618164e-05 at step: 126800 lr 0.00011809800000000003
2026-05-03 10:57:01 - INFO - Train loss: 1.1926573506571003e-07 at step: 127200 lr 0.00011809800000000003
2026-05-03 10:58:41 - INFO - Train loss: 2.980944557862131e-08 at step: 127600 lr 0.00011809800000000003
2026-05-03 11:00:21 - INFO - Train loss: 0.00021283351816236973 at step: 128000 lr 0.00011809800000000003
2026-05-03 11:02:57 - INFO - (Val @ epoch 56) acc: 1.0; ap: 1.0 r_acc: 1.0; f_acc: 1.0
2026-05-03 11:04:05 - INFO - Train loss: 3.910238228854723e-05 at step: 128400 lr 0.00011809800000000003
2026-05-03 11:05:43 - INFO - Train loss: 2.1168718831177102e-06 at step: 128800 lr 0.00011809800000000003
2026-05-03 11:07:21 - INFO - Train loss: 3.749063353097881e-07 at step: 129200 lr 0.00011809800000000003
2026-05-03 11:09:02 - INFO - Train loss: 1.7881393432617188e-07 at step: 129600 lr 0.00011809800000000003
2026-05-03 11:10:42 - INFO - Train loss: 1.5497295180466608e-06 at step: 130000 lr 0.00011809800000000003
2026-05-03 11:12:22 - INFO - Train loss: 3.177745178106761e-09 at step: 130400 lr 0.00011809800000000003
2026-05-03 11:14:20 - INFO - (Val @ epoch 57) acc: 1.0; ap: 1.0 r_acc: 1.0; f_acc: 1.0
2026-05-03 11:16:03 - INFO - Train loss: 1.5705525129305897e-06 at step: 130800 lr 0.00011809800000000003
2026-05-03 11:17:43 - INFO - Train loss: 0.00010650311742210761 at step: 131200 lr 0.00011809800000000003
2026-05-03 11:19:23 - INFO - Train loss: 5.895710637560114e-05 at step: 131600 lr 0.00011809800000000003
2026-05-03 11:21:03 - INFO - Train loss: 1.563122131731376e-10 at step: 132000 lr 0.00011809800000000003
2026-05-03 11:22:44 - INFO - Train loss: 0.0009686445700936019 at step: 132400 lr 0.00011809800000000003
2026-05-03 11:25:47 - INFO - (Val @ epoch 58) acc: 1.0; ap: 1.0 r_acc: 1.0; f_acc: 1.0
2026-05-03 11:26:30 - INFO - Train loss: 8.00592545147083e-07 at step: 132800 lr 0.00011809800000000003
2026-05-03 11:28:11 - INFO - Train loss: 5.961449005553732e-07 at step: 133200 lr 0.00011809800000000003
2026-05-03 11:29:52 - INFO - Train loss: 1.2713512660411652e-05 at step: 133600 lr 0.00011809800000000003
2026-05-03 11:31:34 - INFO - Train loss: 1.9401313693379052e-05 at step: 134000 lr 0.00011809800000000003
2026-05-03 11:33:16 - INFO - Train loss: 3.496112555012587e-08 at step: 134400 lr 0.00011809800000000003
2026-05-03 11:34:58 - INFO - Train loss: 2.980232594040899e-08 at step: 134800 lr 0.00011809800000000003
2026-05-03 11:37:24 - INFO - (Val @ epoch 59) acc: 1.0; ap: 1.0 r_acc: 1.0; f_acc: 1.0
2026-05-03 11:38:44 - INFO - Train loss: 9.626150131225586e-06 at step: 135200 lr 0.00011809800000000003
2026-05-03 11:40:26 - INFO - Train loss: 3.296996790164153e-12 at step: 135600 lr 0.00011809800000000003
2026-05-03 11:42:09 - INFO - Train loss: 4.589561285683885e-06 at step: 136000 lr 0.00011809800000000003
2026-05-03 11:43:52 - INFO - Train loss: 4.358949354354991e-06 at step: 136400 lr 0.00011809800000000003
2026-05-03 11:45:35 - INFO - Train loss: 0.00027442025020718575 at step: 136800 lr 0.00011809800000000003
2026-05-03 11:47:18 - INFO - Train loss: 2.6822092991096724e-07 at step: 137200 lr 0.00011809800000000003
2026-05-03 11:47:32 - INFO - saving the model at the end of epoch 60
2026-05-03 11:47:32 - INFO - changing lr at the end of epoch 60, iters 137250
2026-05-03 11:49:06 - INFO - (Val @ epoch 60) acc: 1.0; ap: 1.0 r_acc: 1.0; f_acc: 1.0
2026-05-03 11:51:03 - INFO - Train loss: 6.014538200815878e-08 at step: 137600 lr 0.00010628820000000004
2026-05-03 11:52:41 - INFO - Train loss: 6.854804723843699e-07 at step: 138000 lr 0.00010628820000000004
2026-05-03 11:54:22 - INFO - Train loss: 7.718801498413086e-06 at step: 138400 lr 0.00010628820000000004
2026-05-03 11:56:01 - INFO - Train loss: 7.3909759521484375e-06 at step: 138800 lr 0.00010628820000000004
2026-05-03 11:57:40 - INFO - Train loss: 1.788139485370266e-07 at step: 139200 lr 0.00010628820000000004
2026-05-03 12:00:29 - INFO - (Val @ epoch 61) acc: 0.999875; ap: 1.0 r_acc: 0.99975; f_acc: 1.0
2026-05-03 12:01:23 - INFO - Train loss: 2.683329967112513e-07 at step: 139600 lr 0.00010628820000000004
2026-05-03 12:03:00 - INFO - Train loss: 2.4253586161648855e-07 at step: 140000 lr 0.00010628820000000004
2026-05-03 12:04:40 - INFO - Train loss: 2.6823366283679206e-07 at step: 140400 lr 0.00010628820000000004
2026-05-03 12:06:18 - INFO - Train loss: 6.249971988836478e-07 at step: 140800 lr 0.00010628820000000004
2026-05-03 12:07:57 - INFO - Train loss: 2.443847051836201e-06 at step: 141200 lr 0.00010628820000000004
2026-05-03 12:09:37 - INFO - Train loss: 1.4912362189534178e-07 at step: 141600 lr 0.00010628820000000004
2026-05-03 12:11:47 - INFO - (Val @ epoch 62) acc: 0.999875; ap: 1.0 r_acc: 0.99975; f_acc: 1.0
2026-05-03 12:13:18 - INFO - Train loss: 4.234911102685146e-05 at step: 142000 lr 0.00010628820000000004
2026-05-03 12:14:56 - INFO - Train loss: 3.508677792751769e-08 at step: 142400 lr 0.00010628820000000004
2026-05-03 12:16:35 - INFO - Train loss: 3.4547304039733717e-07 at step: 142800 lr 0.00010628820000000004
2026-05-03 12:18:16 - INFO - Train loss: 2.0454858713492285e-06 at step: 143200 lr 0.00010628820000000004
2026-05-03 12:19:55 - INFO - Train loss: 2.098769436997827e-05 at step: 143600 lr 0.00010628820000000004
2026-05-03 12:21:34 - INFO - Train loss: 2.99484916865822e-08 at step: 144000 lr 0.00010628820000000004
2026-05-03 12:23:10 - INFO - (Val @ epoch 63) acc: 1.0; ap: 1.0 r_acc: 1.0; f_acc: 1.0
2026-05-03 12:25:18 - INFO - Train loss: 2.05925914542604e-07 at step: 144400 lr 0.00010628820000000004
2026-05-03 12:26:57 - INFO - Train loss: 3.618690470830188e-06 at step: 144800 lr 0.00010628820000000004
2026-05-03 12:28:36 - INFO - Train loss: 1.6130403309944086e-05 at step: 145200 lr 0.00010628820000000004
2026-05-03 12:30:16 - INFO - Train loss: 4.5809536719509936e-11 at step: 145600 lr 0.00010628820000000004
2026-05-03 12:31:57 - INFO - Train loss: 4.3026442853033586e-08 at step: 146000 lr 0.00010628820000000004
2026-05-03 12:34:33 - INFO - (Val @ epoch 64) acc: 1.0; ap: 1.0 r_acc: 1.0; f_acc: 1.0
2026-05-03 12:35:41 - INFO - Train loss: 0.0004407614469528198 at step: 146400 lr 0.00010628820000000004
2026-05-03 12:37:21 - INFO - Train loss: 1.6326932694710194e-08 at step: 146800 lr 0.00010628820000000004
2026-05-03 12:39:03 - INFO - Train loss: 8.706900189281441e-06 at step: 147200 lr 0.00010628820000000004
2026-05-03 12:40:45 - INFO - Train loss: 0.00010026630479842424 at step: 147600 lr 0.00010628820000000004
2026-05-03 12:42:28 - INFO - Train loss: 8.940739462559577e-06 at step: 148000 lr 0.00010628820000000004
2026-05-03 12:44:10 - INFO - Train loss: 6.011329389821185e-08 at step: 148400 lr 0.00010628820000000004
2026-05-03 12:46:09 - INFO - (Val @ epoch 65) acc: 1.0; ap: 1.0 r_acc: 1.0; f_acc: 1.0
2026-05-03 12:47:52 - INFO - Train loss: 1.6564245015615597e-05 at step: 148800 lr 0.00010628820000000004
2026-05-03 12:49:30 - INFO - Train loss: 1.0134076546819415e-06 at step: 149200 lr 0.00010628820000000004
2026-05-03 12:51:11 - INFO - Train loss: 7.56986719352426e-06 at step: 149600 lr 0.00010628820000000004
2026-05-03 12:52:51 - INFO - Train loss: 5.662593594024656e-07 at step: 150000 lr 0.00010628820000000004
2026-05-03 12:54:30 - INFO - Train loss: 0.0001512522139819339 at step: 150400 lr 0.00010628820000000004
2026-05-03 12:57:30 - INFO - (Val @ epoch 66) acc: 1.0; ap: 1.0 r_acc: 1.0; f_acc: 1.0
2026-05-03 12:58:11 - INFO - Train loss: 8.01658813998074e-07 at step: 150800 lr 0.00010628820000000004
2026-05-03 12:59:49 - INFO - Train loss: 1.6393880741816247e-06 at step: 151200 lr 0.00010628820000000004
2026-05-03 13:01:28 - INFO - Train loss: 8.642703051009448e-07 at step: 151600 lr 0.00010628820000000004
2026-05-03 13:03:07 - INFO - Train loss: 3.576408857952629e-07 at step: 152000 lr 0.00010628820000000004
2026-05-03 13:04:46 - INFO - Train loss: 9.271186041104329e-10 at step: 152400 lr 0.00010628820000000004
2026-05-03 13:06:26 - INFO - Train loss: 5.972505334739253e-08 at step: 152800 lr 0.00010628820000000004
2026-05-03 13:08:53 - INFO - (Val @ epoch 67) acc: 1.0; ap: 1.0 r_acc: 1.0; f_acc: 1.0
2026-05-03 13:10:13 - INFO - Train loss: 3.8744886410313484e-07 at step: 153200 lr 0.00010628820000000004
2026-05-03 13:11:53 - INFO - Train loss: 1.0297610970155802e-05 at step: 153600 lr 0.00010628820000000004
2026-05-03 13:13:35 - INFO - Train loss: 1.2868730664195027e-05 at step: 154000 lr 0.00010628820000000004
2026-05-03 13:15:17 - INFO - Train loss: 9.70188784927997e-16 at step: 154400 lr 0.00010628820000000004
2026-05-03 13:16:59 - INFO - Train loss: 9.268522262573242e-06 at step: 154800 lr 0.00010628820000000004
2026-05-03 13:18:43 - INFO - Train loss: 1.6093254089355469e-06 at step: 155200 lr 0.00010628820000000004
2026-05-03 13:20:31 - INFO - (Val @ epoch 68) acc: 0.999625; ap: 0.9999998124999921 r_acc: 0.99975; f_acc: 0.9995
2026-05-03 13:22:24 - INFO - Train loss: 3.011531930496858e-07 at step: 155600 lr 0.00010628820000000004
2026-05-03 13:24:04 - INFO - Train loss: 5.796051971707072e-10 at step: 156000 lr 0.00010628820000000004
2026-05-03 13:25:43 - INFO - Train loss: 9.335669346910436e-06 at step: 156400 lr 0.00010628820000000004
2026-05-03 13:27:23 - INFO - Train loss: 0.006582933943718672 at step: 156800 lr 0.00010628820000000004
2026-05-03 13:29:02 - INFO - Train loss: 5.3363499318948016e-05 at step: 157200 lr 0.00010628820000000004
2026-05-03 13:31:52 - INFO - (Val @ epoch 69) acc: 1.0; ap: 1.0 r_acc: 1.0; f_acc: 1.0
2026-05-03 13:32:45 - INFO - Train loss: 7.367347010234226e-11 at step: 157600 lr 0.00010628820000000004
2026-05-03 13:34:22 - INFO - Train loss: 3.4448279961907247e-07 at step: 158000 lr 0.00010628820000000004
2026-05-03 13:36:01 - INFO - Train loss: 2.897087085784733e-07 at step: 158400 lr 0.00010628820000000004
2026-05-03 13:37:42 - INFO - Train loss: 5.425343729825727e-08 at step: 158800 lr 0.00010628820000000004
2026-05-03 13:39:21 - INFO - Train loss: 0.00021451509383041412 at step: 159200 lr 0.00010628820000000004
2026-05-03 13:41:01 - INFO - Train loss: 1.6749870610510698e-06 at step: 159600 lr 0.00010628820000000004
2026-05-03 13:41:40 - INFO - saving the model at the end of epoch 70
2026-05-03 13:41:40 - INFO - changing lr at the end of epoch 70, iters 159750
2026-05-03 13:43:14 - INFO - (Val @ epoch 70) acc: 1.0; ap: 1.0 r_acc: 1.0; f_acc: 1.0
2026-05-03 13:44:47 - INFO - Train loss: 6.272088626246841e-08 at step: 160000 lr 9.565938000000004e-05
2026-05-03 13:46:26 - INFO - Train loss: 1.375725840755196e-13 at step: 160400 lr 9.565938000000004e-05
2026-05-03 13:48:05 - INFO - Train loss: 1.8186630086347577e-06 at step: 160800 lr 9.565938000000004e-05
2026-05-03 13:49:44 - INFO - Train loss: 7.424771979458455e-07 at step: 161200 lr 9.565938000000004e-05
2026-05-03 13:51:24 - INFO - Train loss: 0.00010825805657077581 at step: 161600 lr 9.565938000000004e-05
2026-05-03 13:53:04 - INFO - Train loss: 2.980241831096464e-08 at step: 162000 lr 9.565938000000004e-05
2026-05-03 13:54:40 - INFO - (Val @ epoch 71) acc: 0.999875; ap: 1.0 r_acc: 0.99975; f_acc: 1.0
2026-05-03 13:56:49 - INFO - Train loss: 6.258487701416016e-07 at step: 162400 lr 9.565938000000004e-05
2026-05-03 13:58:26 - INFO - Train loss: 7.152557373046875e-07 at step: 162800 lr 9.565938000000004e-05
2026-05-03 14:00:06 - INFO - Train loss: 5.171522843738785e-06 at step: 163200 lr 9.565938000000004e-05
2026-05-03 14:01:46 - INFO - Train loss: 8.940696716308594e-08 at step: 163600 lr 9.565938000000004e-05
2026-05-03 14:03:26 - INFO - Train loss: 1.5868446325839614e-06 at step: 164000 lr 9.565938000000004e-05
2026-05-03 14:06:01 - INFO - (Val @ epoch 72) acc: 1.0; ap: 1.0 r_acc: 1.0; f_acc: 1.0
2026-05-03 14:07:07 - INFO - Train loss: 2.0952805357410398e-07 at step: 164400 lr 9.565938000000004e-05
2026-05-03 14:08:44 - INFO - Train loss: 3.384983244814066e-07 at step: 164800 lr 9.565938000000004e-05
2026-05-03 14:10:22 - INFO - Train loss: 7.063152224873193e-06 at step: 165200 lr 9.565938000000004e-05
2026-05-03 14:12:02 - INFO - Train loss: 1.608169810651816e-07 at step: 165600 lr 9.565938000000004e-05
2026-05-03 14:13:41 - INFO - Train loss: 4.500150680541992e-06 at step: 166000 lr 9.565938000000004e-05
2026-05-03 14:15:22 - INFO - Train loss: 9.972150110115763e-06 at step: 166400 lr 9.565938000000004e-05
2026-05-03 14:17:20 - INFO - (Val @ epoch 73) acc: 0.999875; ap: 1.0 r_acc: 1.0; f_acc: 0.99975
2026-05-03 14:19:03 - INFO - Train loss: 0.00011889637971762568 at step: 166800 lr 9.565938000000004e-05
2026-05-03 14:20:42 - INFO - Train loss: 2.9156360596971354e-06 at step: 167200 lr 9.565938000000004e-05
2026-05-03 14:22:20 - INFO - Train loss: 6.825332548032748e-06 at step: 167600 lr 9.565938000000004e-05
2026-05-03 14:24:00 - INFO - Train loss: 5.066394805908203e-06 at step: 168000 lr 9.565938000000004e-05
2026-05-03 14:25:41 - INFO - Train loss: 4.710299435828347e-06 at step: 168400 lr 9.565938000000004e-05
2026-05-03 14:28:42 - INFO - (Val @ epoch 74) acc: 1.0; ap: 1.0 r_acc: 1.0; f_acc: 1.0
2026-05-03 14:29:23 - INFO - Train loss: 5.869640631317452e-07 at step: 168800 lr 9.565938000000004e-05
2026-05-03 14:31:02 - INFO - Train loss: 0.0005328207043930888 at step: 169200 lr 9.565938000000004e-05
2026-05-03 14:32:42 - INFO - Train loss: 6.258529197111784e-07 at step: 169600 lr 9.565938000000004e-05
2026-05-03 14:34:22 - INFO - Train loss: 2.7418136596679688e-05 at step: 170000 lr 9.565938000000004e-05
2026-05-03 14:36:02 - INFO - Train loss: 1.8392640299680352e-07 at step: 170400 lr 9.565938000000004e-05
2026-05-03 14:37:42 - INFO - Train loss: 2.413989022898022e-06 at step: 170800 lr 9.565938000000004e-05
2026-05-03 14:40:05 - INFO - (Val @ epoch 75) acc: 1.0; ap: 1.0 r_acc: 1.0; f_acc: 1.0
2026-05-03 14:41:23 - INFO - Train loss: 1.1676915434577495e-08 at step: 171200 lr 9.565938000000004e-05
2026-05-03 14:43:01 - INFO - Train loss: 5.978538553108592e-08 at step: 171600 lr 9.565938000000004e-05
2026-05-03 14:44:41 - INFO - Train loss: 9.481718166171049e-08 at step: 172000 lr 9.565938000000004e-05
2026-05-03 14:46:19 - INFO - Train loss: 1.1329245808155974e-06 at step: 172400 lr 9.565938000000004e-05
2026-05-03 14:48:00 - INFO - Train loss: 5.960468030252741e-08 at step: 172800 lr 9.565938000000004e-05
2026-05-03 14:49:38 - INFO - Train loss: 6.471722826972837e-06 at step: 173200 lr 9.565938000000004e-05
2026-05-03 14:51:27 - INFO - (Val @ epoch 76) acc: 1.0; ap: 1.0 r_acc: 1.0; f_acc: 1.0
2026-05-03 14:53:22 - INFO - Train loss: 3.492353428669048e-08 at step: 173600 lr 9.565938000000004e-05
2026-05-03 14:55:00 - INFO - Train loss: 4.1276220144936815e-05 at step: 174000 lr 9.565938000000004e-05
2026-05-03 14:56:39 - INFO - Train loss: 3.0517578125e-05 at step: 174400 lr 9.565938000000004e-05
2026-05-03 14:58:20 - INFO - Train loss: 7.692587132623885e-06 at step: 174800 lr 9.565938000000004e-05
2026-05-03 15:00:00 - INFO - Train loss: 3.6264196978663676e-07 at step: 175200 lr 9.565938000000004e-05
2026-05-03 15:02:50 - INFO - (Val @ epoch 77) acc: 1.0; ap: 1.0 r_acc: 1.0; f_acc: 1.0
2026-05-03 15:03:45 - INFO - Train loss: 2.9927062428214413e-07 at step: 175600 lr 9.565938000000004e-05
2026-05-03 15:05:26 - INFO - Train loss: 6.0200718507985584e-06 at step: 176000 lr 9.565938000000004e-05
2026-05-03 15:07:07 - INFO - Train loss: 3.418896242501912e-12 at step: 176400 lr 9.565938000000004e-05
2026-05-03 15:08:49 - INFO - Train loss: 2.176353973482037e-06 at step: 176800 lr 9.565938000000004e-05
2026-05-03 15:10:32 - INFO - Train loss: 2.046436065938906e-06 at step: 177200 lr 9.565938000000004e-05
2026-05-03 15:12:14 - INFO - Train loss: 1.1956822731917782e-07 at step: 177600 lr 9.565938000000004e-05
2026-05-03 15:14:28 - INFO - (Val @ epoch 78) acc: 1.0; ap: 1.0 r_acc: 1.0; f_acc: 1.0
2026-05-03 15:15:59 - INFO - Train loss: 9.128129675739505e-12 at step: 178000 lr 9.565938000000004e-05
2026-05-03 15:17:37 - INFO - Train loss: 7.498336174194264e-09 at step: 178400 lr 9.565938000000004e-05
2026-05-03 15:19:17 - INFO - Train loss: 3.390790936919075e-08 at step: 178800 lr 9.565938000000004e-05
2026-05-03 15:20:57 - INFO - Train loss: 1.30385160446167e-05 at step: 179200 lr 9.565938000000004e-05
2026-05-03 15:22:38 - INFO - Train loss: 9.181846635005625e-14 at step: 179600 lr 9.565938000000004e-05
2026-05-03 15:24:19 - INFO - Train loss: 1.434817686885026e-08 at step: 180000 lr 9.565938000000004e-05
2026-05-03 15:25:54 - INFO - (Val @ epoch 79) acc: 1.0; ap: 1.0 r_acc: 1.0; f_acc: 1.0
2026-05-03 15:28:02 - INFO - Train loss: 1.0778046544146491e-07 at step: 180400 lr 9.565938000000004e-05
2026-05-03 15:29:40 - INFO - Train loss: 2.980238988925521e-08 at step: 180800 lr 9.565938000000004e-05
2026-05-03 15:31:20 - INFO - Train loss: 5.817413693876006e-05 at step: 181200 lr 9.565938000000004e-05
2026-05-03 15:32:58 - INFO - Train loss: 8.076477854557229e-13 at step: 181600 lr 9.565938000000004e-05
2026-05-03 15:34:39 - INFO - Train loss: 5.746873625867011e-07 at step: 182000 lr 9.565938000000004e-05
2026-05-03 15:35:43 - INFO - saving the model at the end of epoch 80
2026-05-03 15:35:43 - INFO - changing lr at the end of epoch 80, iters 182250
2026-05-03 15:37:18 - INFO - (Val @ epoch 80) acc: 0.999875; ap: 1.0 r_acc: 0.99975; f_acc: 1.0
2026-05-03 15:38:24 - INFO - Train loss: 1.4901161193847656e-07 at step: 182400 lr 8.609344200000004e-05
2026-05-03 15:40:03 - INFO - Train loss: 4.473532442261785e-07 at step: 182800 lr 8.609344200000004e-05
2026-05-03 15:41:43 - INFO - Train loss: 6.550342733502301e-12 at step: 183200 lr 8.609344200000004e-05
2026-05-03 15:43:24 - INFO - Train loss: 3.0502789741149172e-05 at step: 183600 lr 8.609344200000004e-05
2026-05-03 15:45:05 - INFO - Train loss: 8.940696716308594e-08 at step: 184000 lr 8.609344200000004e-05
2026-05-03 15:46:46 - INFO - Train loss: 2.814164759001869e-07 at step: 184400 lr 8.609344200000004e-05
2026-05-03 15:48:46 - INFO - (Val @ epoch 81) acc: 1.0; ap: 1.0 r_acc: 1.0; f_acc: 1.0
2026-05-03 15:50:29 - INFO - Train loss: 7.501839149881562e-08 at step: 184800 lr 8.609344200000004e-05
2026-05-03 15:52:07 - INFO - Train loss: 3.989676429227984e-07 at step: 185200 lr 8.609344200000004e-05
2026-05-03 15:53:46 - INFO - Train loss: 5.0704663578926557e-08 at step: 185600 lr 8.609344200000004e-05
2026-05-03 15:55:26 - INFO - Train loss: 5.871893336006906e-06 at step: 186000 lr 8.609344200000004e-05
2026-05-03 15:57:05 - INFO - Train loss: 2.026560878221062e-06 at step: 186400 lr 8.609344200000004e-05
2026-05-03 16:00:04 - INFO - (Val @ epoch 82) acc: 1.0; ap: 1.0 r_acc: 1.0; f_acc: 1.0
2026-05-03 16:00:46 - INFO - Train loss: 5.010847559105969e-08 at step: 186800 lr 8.609344200000004e-05
2026-05-03 16:02:23 - INFO - Train loss: 7.45061242923839e-07 at step: 187200 lr 8.609344200000004e-05
2026-05-03 16:04:02 - INFO - Train loss: 1.7464162738178857e-06 at step: 187600 lr 8.609344200000004e-05
2026-05-03 16:05:43 - INFO - Train loss: 2.0861646987668792e-07 at step: 188000 lr 8.609344200000004e-05
2026-05-03 16:07:22 - INFO - Train loss: 1.3065935000611262e-08 at step: 188400 lr 8.609344200000004e-05
2026-05-03 16:09:02 - INFO - Train loss: 1.5501099752748826e-12 at step: 188800 lr 8.609344200000004e-05
2026-05-03 16:11:25 - INFO - (Val @ epoch 83) acc: 1.0; ap: 1.0 r_acc: 1.0; f_acc: 1.0
2026-05-03 16:12:42 - INFO - Train loss: 3.31977929590721e-08 at step: 189200 lr 8.609344200000004e-05
2026-05-03 16:14:21 - INFO - Train loss: 3.081940178617515e-07 at step: 189600 lr 8.609344200000004e-05
2026-05-03 16:16:01 - INFO - Train loss: 1.9654606830954435e-07 at step: 190000 lr 8.609344200000004e-05
2026-05-03 16:17:41 - INFO - Train loss: 1.0862946510314941e-05 at step: 190400 lr 8.609344200000004e-05
2026-05-03 16:19:20 - INFO - Train loss: 2.980294766530278e-08 at step: 190800 lr 8.609344200000004e-05
2026-05-03 16:21:00 - INFO - Train loss: 8.940696716308594e-08 at step: 191200 lr 8.609344200000004e-05
2026-05-03 16:22:47 - INFO - (Val @ epoch 84) acc: 1.0; ap: 1.0 r_acc: 1.0; f_acc: 1.0
2026-05-03 16:24:45 - INFO - Train loss: 3.270013426703855e-10 at step: 191600 lr 8.609344200000004e-05
2026-05-03 16:26:24 - INFO - Train loss: 6.156024583321706e-13 at step: 192000 lr 8.609344200000004e-05
2026-05-03 16:28:02 - INFO - Train loss: 9.238721645488113e-07 at step: 192400 lr 8.609344200000004e-05
2026-05-03 16:29:41 - INFO - Train loss: 5.960464477539063e-08 at step: 192800 lr 8.609344200000004e-05
2026-05-03 16:31:19 - INFO - Train loss: 3.696611072800948e-11 at step: 193200 lr 8.609344200000004e-05
2026-05-03 16:34:10 - INFO - (Val @ epoch 85) acc: 1.0; ap: 1.0 r_acc: 1.0; f_acc: 1.0
2026-05-03 16:35:03 - INFO - Train loss: 3.125676384385656e-10 at step: 193600 lr 8.609344200000004e-05
2026-05-03 16:36:42 - INFO - Train loss: 8.338810891794779e-11 at step: 194000 lr 8.609344200000004e-05
2026-05-03 16:38:23 - INFO - Train loss: 8.199058356694877e-07 at step: 194400 lr 8.609344200000004e-05
2026-05-03 16:40:04 - INFO - Train loss: 3.473891183602973e-07 at step: 194800 lr 8.609344200000004e-05
2026-05-03 16:41:45 - INFO - Train loss: 4.251872187666095e-10 at step: 195200 lr 8.609344200000004e-05
2026-05-03 16:43:25 - INFO - Train loss: 1.788139627478813e-07 at step: 195600 lr 8.609344200000004e-05
2026-05-03 16:45:36 - INFO - (Val @ epoch 86) acc: 1.0; ap: 1.0 r_acc: 1.0; f_acc: 1.0
2026-05-03 16:47:07 - INFO - Train loss: 2.543539494581637e-07 at step: 196000 lr 8.609344200000004e-05
2026-05-03 16:48:45 - INFO - Train loss: 3.4570715797599405e-05 at step: 196400 lr 8.609344200000004e-05
2026-05-03 16:50:25 - INFO - Train loss: 0.04271942377090454 at step: 196800 lr 8.609344200000004e-05
2026-05-03 16:52:05 - INFO - Train loss: 3.0276677165375077e-08 at step: 197200 lr 8.609344200000004e-05
2026-05-03 16:53:44 - INFO - Train loss: 2.9802322387695312e-08 at step: 197600 lr 8.609344200000004e-05
2026-05-03 16:55:23 - INFO - Train loss: 1.5034914434860873e-14 at step: 198000 lr 8.609344200000004e-05
2026-05-03 16:56:57 - INFO - (Val @ epoch 87) acc: 1.0; ap: 1.0 r_acc: 1.0; f_acc: 1.0
2026-05-03 16:59:05 - INFO - Train loss: 2.2864360144786433e-12 at step: 198400 lr 8.609344200000004e-05
2026-05-03 17:00:44 - INFO - Train loss: 3.027593697326066e-15 at step: 198800 lr 8.609344200000004e-05
2026-05-03 17:02:24 - INFO - Train loss: 2.2121826077636797e-06 at step: 199200 lr 8.609344200000004e-05
2026-05-03 17:04:03 - INFO - Train loss: 7.12275505065918e-06 at step: 199600 lr 8.609344200000004e-05
2026-05-03 17:05:43 - INFO - Train loss: 2.5198718572915293e-14 at step: 200000 lr 8.609344200000004e-05
2026-05-03 17:08:18 - INFO - (Val @ epoch 88) acc: 1.0; ap: 1.0 r_acc: 1.0; f_acc: 1.0
2026-05-03 17:09:25 - INFO - Train loss: 1.4909393164508344e-10 at step: 200400 lr 8.609344200000004e-05
2026-05-03 17:11:03 - INFO - Train loss: 3.5089527955278754e-05 at step: 200800 lr 8.609344200000004e-05
2026-05-03 17:12:42 - INFO - Train loss: 8.34959701023763e-06 at step: 201200 lr 8.609344200000004e-05
2026-05-03 17:14:24 - INFO - Train loss: 7.717278718535447e-19 at step: 201600 lr 8.609344200000004e-05
2026-05-03 17:16:03 - INFO - Train loss: 2.9802322387695312e-08 at step: 202000 lr 8.609344200000004e-05
2026-05-03 17:17:43 - INFO - Train loss: 6.8893126758950984e-09 at step: 202400 lr 8.609344200000004e-05
2026-05-03 17:19:45 - INFO - (Val @ epoch 89) acc: 0.999875; ap: 1.0 r_acc: 1.0; f_acc: 0.99975
